<?xml version="1.0" encoding="UTF-8"?>
<testng-results ignored="0" total="0" passed="0" failed="0" skipped="0">
  <reporter-output>
  </reporter-output>
  <suite started-at="2024-04-09T15:44:32 IST" name="CA1.DisjointSetTest" finished-at="2024-04-09T15:44:32 IST" duration-ms="9">
    <groups>
    </groups>
    <test started-at="2024-04-09T15:44:32 IST" name="Command line test" finished-at="2024-04-09T15:44:32 IST" duration-ms="9">
    </test> <!-- Command line test -->
  </suite> <!-- CA1.DisjointSetTest -->
</testng-results>
